2004-11-24 00:23:44,919 DEBUG main 2496 (c:\documents and settings\ama\my documents\visual studio projects\wajima\console\lokitest.cpp:14) - begin.
2004-11-24 00:23:44,935 DEBUG basic_waf_filebuf 2496 (c:\documents and settings\ama\my documents\visual studio projects\wajima\pss\src\pss\std\wafinputfilestream.hpp:65) - open begin.
2004-11-24 00:23:44,935 DEBUG basic_waf_filebuf 2496 (c:\documents and settings\ama\my documents\visual studio projects\wajima\pss\src\pss\std\wafinputfilestream.hpp:39) - close begin.
2004-11-24 00:23:44,935 DEBUG basic_waf_filebuf 2496 (c:\documents and settings\ama\my documents\visual studio projects\wajima\pss\src\pss\std\wafinputfilestream.hpp:47) - close end.
2004-11-24 00:23:44,935 DEBUG basic_waf_filebuf 2496 (c:\documents and settings\ama\my documents\visual studio projects\wajima\pss\src\pss\std\wafinputfilestream.hpp:106) - file is waf file.
2004-11-24 00:23:44,935 DEBUG basic_waf_filebuf 2496 (c:\documents and settings\ama\my documents\visual studio projects\wajima\pss\src\pss\std\wafinputfilestream.hpp:107) - c:/Documents and Settings/ama/My Documents/Visual Studio Projects/wajima/console/data.waf
2004-11-24 00:23:44,935 DEBUG basic_waf_filebuf 2496 (c:\documents and settings\ama\my documents\visual studio projects\wajima\pss\src\pss\std\wafinputfilestream.hpp:132) - header.size = 20
2004-11-24 00:23:44,935 DEBUG basic_waf_filebuf 2496 (c:\documents and settings\ama\my documents\visual studio projects\wajima\pss\src\pss\std\wafinputfilestream.hpp:133) - header.mode = 1
2004-11-24 00:23:44,951 DEBUG basic_waf_filebuf 2496 (c:\documents and settings\ama\my documents\visual studio projects\wajima\pss\src\pss\std\wafinputfilestream.hpp:134) - header.filename = test2.txt
2004-11-24 00:23:44,951 DEBUG basic_waf_filebuf 2496 (c:\documents and settings\ama\my documents\visual studio projects\wajima\pss\src\pss\std\wafinputfilestream.hpp:276) - underflow begin.
2004-11-24 00:23:44,951 DEBUG basic_waf_filebuf 2496 (c:\documents and settings\ama\my documents\visual studio projects\wajima\pss\src\pss\std\wafinputfilestream.hpp:292) - file read.
2004-11-24 00:23:44,951 DEBUG basic_waf_filebuf 2496 (c:\documents and settings\ama\my documents\visual studio projects\wajima\pss\src\pss\std\wafinputfilestream.hpp:310) - underflow end.
2004-11-24 00:23:44,951 DEBUG main 2496 (c:\documents and settings\ama\my documents\visual studio projects\wajima\console\lokitest.cpp:31) - str = 34567890 , length = 9
2004-11-24 00:23:44,951 DEBUG basic_waf_filebuf 2496 (c:\documents and settings\ama\my documents\visual studio projects\wajima\pss\src\pss\std\wafinputfilestream.hpp:276) - underflow begin.
2004-11-24 00:23:44,951 DEBUG basic_waf_filebuf 2496 (c:\documents and settings\ama\my documents\visual studio projects\wajima\pss\src\pss\std\wafinputfilestream.hpp:292) - file read.
2004-11-24 00:23:44,951 DEBUG basic_waf_filebuf 2496 (c:\documents and settings\ama\my documents\visual studio projects\wajima\pss\src\pss\std\wafinputfilestream.hpp:304) - file eof.
2004-11-24 00:23:44,951 DEBUG basic_waf_filebuf 2496 (c:\documents and settings\ama\my documents\visual studio projects\wajima\pss\src\pss\std\wafinputfilestream.hpp:305) - underflow end.
2004-11-24 00:23:44,951 DEBUG main 2496 (c:\documents and settings\ama\my documents\visual studio projects\wajima\console\lokitest.cpp:31) - str = 98765432ÿÿÿÿ , length = 12
2004-11-24 00:23:44,951 DEBUG basic_waf_filebuf 2496 (c:\documents and settings\ama\my documents\visual studio projects\wajima\pss\src\pss\std\wafinputfilestream.hpp:187) - seekoff begin.
2004-11-24 00:23:44,951 DEBUG basic_waf_filebuf 2496 (c:\documents and settings\ama\my documents\visual studio projects\wajima\pss\src\pss\std\wafinputfilestream.hpp:200) - offset = 268
2004-11-24 00:23:44,951 DEBUG basic_waf_filebuf 2496 (c:\documents and settings\ama\my documents\visual studio projects\wajima\pss\src\pss\std\wafinputfilestream.hpp:220) - point = 268
2004-11-24 00:23:44,951 DEBUG basic_waf_filebuf 2496 (c:\documents and settings\ama\my documents\visual studio projects\wajima\pss\src\pss\std\wafinputfilestream.hpp:225) - readSize = 22
2004-11-24 00:23:44,951 DEBUG basic_waf_filebuf 2496 (c:\documents and settings\ama\my documents\visual studio projects\wajima\pss\src\pss\std\wafinputfilestream.hpp:232) - bufferSize = 22
2004-11-24 00:23:44,951 DEBUG basic_waf_filebuf 2496 (c:\documents and settings\ama\my documents\visual studio projects\wajima\pss\src\pss\std\wafinputfilestream.hpp:233) - seekoff end.
2004-11-24 00:23:44,951 DEBUG main 2496 (c:\documents and settings\ama\my documents\visual studio projects\wajima\console\lokitest.cpp:36) - str = 34567890 , length = 9
2004-11-24 00:23:44,951 DEBUG basic_waf_filebuf 2496 (c:\documents and settings\ama\my documents\visual studio projects\wajima\pss\src\pss\std\wafinputfilestream.hpp:187) - seekoff begin.
2004-11-24 00:23:44,951 DEBUG basic_waf_filebuf 2496 (c:\documents and settings\ama\my documents\visual studio projects\wajima\pss\src\pss\std\wafinputfilestream.hpp:200) - offset = 269
2004-11-24 00:23:44,951 DEBUG basic_waf_filebuf 2496 (c:\documents and settings\ama\my documents\visual studio projects\wajima\pss\src\pss\std\wafinputfilestream.hpp:220) - point = 269
2004-11-24 00:23:44,951 DEBUG basic_waf_filebuf 2496 (c:\documents and settings\ama\my documents\visual studio projects\wajima\pss\src\pss\std\wafinputfilestream.hpp:225) - readSize = 21
2004-11-24 00:23:44,951 DEBUG basic_waf_filebuf 2496 (c:\documents and settings\ama\my documents\visual studio projects\wajima\pss\src\pss\std\wafinputfilestream.hpp:232) - bufferSize = 21
2004-11-24 00:23:44,951 DEBUG basic_waf_filebuf 2496 (c:\documents and settings\ama\my documents\visual studio projects\wajima\pss\src\pss\std\wafinputfilestream.hpp:233) - seekoff end.
2004-11-24 00:23:44,951 DEBUG main 2496 (c:\documents and settings\ama\my documents\visual studio projects\wajima\console\lokitest.cpp:39) - str = 4567890 , length = 8
2004-11-24 00:23:44,951 DEBUG basic_waf_filebuf 2496 (c:\documents and settings\ama\my documents\visual studio projects\wajima\pss\src\pss\std\wafinputfilestream.hpp:187) - seekoff begin.
2004-11-24 00:23:44,951 DEBUG basic_waf_filebuf 2496 (c:\documents and settings\ama\my documents\visual studio projects\wajima\pss\src\pss\std\wafinputfilestream.hpp:200) - offset = 276
2004-11-24 00:23:44,951 DEBUG basic_waf_filebuf 2496 (c:\documents and settings\ama\my documents\visual studio projects\wajima\pss\src\pss\std\wafinputfilestream.hpp:220) - point = 276
2004-11-24 00:23:44,951 DEBUG basic_waf_filebuf 2496 (c:\documents and settings\ama\my documents\visual studio projects\wajima\pss\src\pss\std\wafinputfilestream.hpp:225) - readSize = 14
2004-11-24 00:23:44,951 DEBUG basic_waf_filebuf 2496 (c:\documents and settings\ama\my documents\visual studio projects\wajima\pss\src\pss\std\wafinputfilestream.hpp:232) - bufferSize = 14
2004-11-24 00:23:44,951 DEBUG basic_waf_filebuf 2496 (c:\documents and settings\ama\my documents\visual studio projects\wajima\pss\src\pss\std\wafinputfilestream.hpp:233) - seekoff end.
2004-11-24 00:23:44,951 DEBUG main 2496 (c:\documents and settings\ama\my documents\visual studio projects\wajima\console\lokitest.cpp:42) - str =  , length = 1
2004-11-24 00:23:44,951 DEBUG basic_waf_filebuf 2496 (c:\documents and settings\ama\my documents\visual studio projects\wajima\pss\src\pss\std\wafinputfilestream.hpp:187) - seekoff begin.
2004-11-24 00:23:44,951 DEBUG basic_waf_filebuf 2496 (c:\documents and settings\ama\my documents\visual studio projects\wajima\pss\src\pss\std\wafinputfilestream.hpp:200) - offset = 277
2004-11-24 00:23:44,951 DEBUG basic_waf_filebuf 2496 (c:\documents and settings\ama\my documents\visual studio projects\wajima\pss\src\pss\std\wafinputfilestream.hpp:220) - point = 277
2004-11-24 00:23:44,966 DEBUG basic_waf_filebuf 2496 (c:\documents and settings\ama\my documents\visual studio projects\wajima\pss\src\pss\std\wafinputfilestream.hpp:225) - readSize = 13
2004-11-24 00:23:44,966 DEBUG basic_waf_filebuf 2496 (c:\documents and settings\ama\my documents\visual studio projects\wajima\pss\src\pss\std\wafinputfilestream.hpp:232) - bufferSize = 13
2004-11-24 00:23:44,966 DEBUG basic_waf_filebuf 2496 (c:\documents and settings\ama\my documents\visual studio projects\wajima\pss\src\pss\std\wafinputfilestream.hpp:233) - seekoff end.
2004-11-24 00:23:44,966 DEBUG main 2496 (c:\documents and settings\ama\my documents\visual studio projects\wajima\console\lokitest.cpp:45) - str =  , length = 0
2004-11-24 00:23:44,966 DEBUG basic_waf_filebuf 2496 (c:\documents and settings\ama\my documents\visual studio projects\wajima\pss\src\pss\std\wafinputfilestream.hpp:187) - seekoff begin.
2004-11-24 00:23:44,966 DEBUG basic_waf_filebuf 2496 (c:\documents and settings\ama\my documents\visual studio projects\wajima\pss\src\pss\std\wafinputfilestream.hpp:200) - offset = 278
2004-11-24 00:23:44,966 DEBUG basic_waf_filebuf 2496 (c:\documents and settings\ama\my documents\visual studio projects\wajima\pss\src\pss\std\wafinputfilestream.hpp:220) - point = 278
2004-11-24 00:23:44,966 DEBUG basic_waf_filebuf 2496 (c:\documents and settings\ama\my documents\visual studio projects\wajima\pss\src\pss\std\wafinputfilestream.hpp:225) - readSize = 12
2004-11-24 00:23:44,966 DEBUG basic_waf_filebuf 2496 (c:\documents and settings\ama\my documents\visual studio projects\wajima\pss\src\pss\std\wafinputfilestream.hpp:232) - bufferSize = 12
2004-11-24 00:23:44,966 DEBUG basic_waf_filebuf 2496 (c:\documents and settings\ama\my documents\visual studio projects\wajima\pss\src\pss\std\wafinputfilestream.hpp:233) - seekoff end.
2004-11-24 00:23:44,966 DEBUG basic_waf_filebuf 2496 (c:\documents and settings\ama\my documents\visual studio projects\wajima\pss\src\pss\std\wafinputfilestream.hpp:276) - underflow begin.
2004-11-24 00:23:44,966 DEBUG basic_waf_filebuf 2496 (c:\documents and settings\ama\my documents\visual studio projects\wajima\pss\src\pss\std\wafinputfilestream.hpp:292) - file read.
2004-11-24 00:23:44,966 DEBUG basic_waf_filebuf 2496 (c:\documents and settings\ama\my documents\visual studio projects\wajima\pss\src\pss\std\wafinputfilestream.hpp:304) - file eof.
2004-11-24 00:23:44,966 DEBUG basic_waf_filebuf 2496 (c:\documents and settings\ama\my documents\visual studio projects\wajima\pss\src\pss\std\wafinputfilestream.hpp:305) - underflow end.
2004-11-24 00:23:44,966 DEBUG main 2496 (c:\documents and settings\ama\my documents\visual studio projects\wajima\console\lokitest.cpp:48) - str = 98765432ÿÿÿÿ , length = 12
2004-11-24 00:23:44,966 DEBUG basic_waf_filebuf 2496 (c:\documents and settings\ama\my documents\visual studio projects\wajima\pss\src\pss\std\wafinputfilestream.hpp:187) - seekoff begin.
2004-11-24 00:23:44,966 DEBUG basic_waf_filebuf 2496 (c:\documents and settings\ama\my documents\visual studio projects\wajima\pss\src\pss\std\wafinputfilestream.hpp:204) - offset = 279
2004-11-24 00:23:44,966 DEBUG basic_waf_filebuf 2496 (c:\documents and settings\ama\my documents\visual studio projects\wajima\pss\src\pss\std\wafinputfilestream.hpp:220) - point = 279
2004-11-24 00:23:44,982 DEBUG basic_waf_filebuf 2496 (c:\documents and settings\ama\my documents\visual studio projects\wajima\pss\src\pss\std\wafinputfilestream.hpp:225) - readSize = 11
2004-11-24 00:23:44,982 DEBUG basic_waf_filebuf 2496 (c:\documents and settings\ama\my documents\visual studio projects\wajima\pss\src\pss\std\wafinputfilestream.hpp:232) - bufferSize = 11
2004-11-24 00:23:44,982 DEBUG basic_waf_filebuf 2496 (c:\documents and settings\ama\my documents\visual studio projects\wajima\pss\src\pss\std\wafinputfilestream.hpp:233) - seekoff end.
2004-11-24 00:23:44,982 DEBUG basic_waf_filebuf 2496 (c:\documents and settings\ama\my documents\visual studio projects\wajima\pss\src\pss\std\wafinputfilestream.hpp:276) - underflow begin.
2004-11-24 00:23:44,982 DEBUG basic_waf_filebuf 2496 (c:\documents and settings\ama\my documents\visual studio projects\wajima\pss\src\pss\std\wafinputfilestream.hpp:292) - file read.
2004-11-24 00:23:44,982 DEBUG basic_waf_filebuf 2496 (c:\documents and settings\ama\my documents\visual studio projects\wajima\pss\src\pss\std\wafinputfilestream.hpp:304) - file eof.
2004-11-24 00:23:44,982 DEBUG basic_waf_filebuf 2496 (c:\documents and settings\ama\my documents\visual studio projects\wajima\pss\src\pss\std\wafinputfilestream.hpp:305) - underflow end.
2004-11-24 00:23:44,982 DEBUG main 2496 (c:\documents and settings\ama\my documents\visual studio projects\wajima\console\lokitest.cpp:52) - str = 8765432ÿÿÿÿ , length = 11
2004-11-24 00:23:44,982 DEBUG basic_waf_filebuf 2496 (c:\documents and settings\ama\my documents\visual studio projects\wajima\pss\src\pss\std\wafinputfilestream.hpp:39) - close begin.
2004-11-24 00:23:44,982 DEBUG basic_waf_filebuf 2496 (c:\documents and settings\ama\my documents\visual studio projects\wajima\pss\src\pss\std\wafinputfilestream.hpp:41) - CloseHandle
2004-11-24 00:23:44,982 DEBUG basic_waf_filebuf 2496 (c:\documents and settings\ama\my documents\visual studio projects\wajima\pss\src\pss\std\wafinputfilestream.hpp:47) - close end.
2004-11-24 00:23:44,982 DEBUG main 2496 (c:\documents and settings\ama\my documents\visual studio projects\wajima\console\lokitest.cpp:59) - str = 12345678 , length = 8
2004-11-24 00:23:44,982 DEBUG main 2496 (c:\documents and settings\ama\my documents\visual studio projects\wajima\console\lokitest.cpp:59) - str = 002233 , length = 6
2004-11-24 00:23:44,982 DEBUG main 2496 (c:\documents and settings\ama\my documents\visual studio projects\wajima\console\lokitest.cpp:64) - str = 12345678 , length = 8
2004-11-24 00:23:44,982 DEBUG main 2496 (c:\documents and settings\ama\my documents\visual studio projects\wajima\console\lokitest.cpp:67) - str =  , length = 0
2004-11-24 00:23:44,982 DEBUG main 2496 (c:\documents and settings\ama\my documents\visual studio projects\wajima\console\lokitest.cpp:70) - str =  , length = 0
2004-11-24 00:23:44,982 DEBUG main 2496 (c:\documents and settings\ama\my documents\visual studio projects\wajima\console\lokitest.cpp:73) - str = 002233 , length = 6
2004-11-24 00:23:44,982 DEBUG main 2496 (c:\documents and settings\ama\my documents\visual studio projects\wajima\console\lokitest.cpp:77) - end.
2004-11-24 00:25:58,682 DEBUG main 348 (c:\documents and settings\ama\my documents\visual studio projects\wajima\console\lokitest.cpp:14) - begin.
2004-11-24 00:25:58,682 DEBUG basic_waf_filebuf 348 (c:\documents and settings\ama\my documents\visual studio projects\wajima\pss\src\pss\std\wafinputfilestream.hpp:65) - open begin.
2004-11-24 00:25:58,682 DEBUG basic_waf_filebuf 348 (c:\documents and settings\ama\my documents\visual studio projects\wajima\pss\src\pss\std\wafinputfilestream.hpp:39) - close begin.
2004-11-24 00:25:58,682 DEBUG basic_waf_filebuf 348 (c:\documents and settings\ama\my documents\visual studio projects\wajima\pss\src\pss\std\wafinputfilestream.hpp:47) - close end.
2004-11-24 00:25:58,682 DEBUG basic_waf_filebuf 348 (c:\documents and settings\ama\my documents\visual studio projects\wajima\pss\src\pss\std\wafinputfilestream.hpp:106) - file is waf file.
2004-11-24 00:25:58,682 DEBUG basic_waf_filebuf 348 (c:\documents and settings\ama\my documents\visual studio projects\wajima\pss\src\pss\std\wafinputfilestream.hpp:107) - c:/Documents and Settings/ama/My Documents/Visual Studio Projects/wajima/console/data.waf
2004-11-24 00:25:58,682 DEBUG basic_waf_filebuf 348 (c:\documents and settings\ama\my documents\visual studio projects\wajima\pss\src\pss\std\wafinputfilestream.hpp:132) - header.size = 20
2004-11-24 00:25:58,682 DEBUG basic_waf_filebuf 348 (c:\documents and settings\ama\my documents\visual studio projects\wajima\pss\src\pss\std\wafinputfilestream.hpp:133) - header.mode = 1
2004-11-24 00:25:58,682 DEBUG basic_waf_filebuf 348 (c:\documents and settings\ama\my documents\visual studio projects\wajima\pss\src\pss\std\wafinputfilestream.hpp:134) - header.filename = test2.txt
2004-11-24 00:25:58,682 DEBUG basic_waf_filebuf 348 (c:\documents and settings\ama\my documents\visual studio projects\wajima\pss\src\pss\std\wafinputfilestream.hpp:276) - underflow begin.
2004-11-24 00:25:58,682 DEBUG basic_waf_filebuf 348 (c:\documents and settings\ama\my documents\visual studio projects\wajima\pss\src\pss\std\wafinputfilestream.hpp:292) - file read.
2004-11-24 00:25:58,682 DEBUG basic_waf_filebuf 348 (c:\documents and settings\ama\my documents\visual studio projects\wajima\pss\src\pss\std\wafinputfilestream.hpp:310) - underflow end.
2004-11-24 00:25:58,682 DEBUG main 348 (c:\documents and settings\ama\my documents\visual studio projects\wajima\console\lokitest.cpp:31) - str = 1234567890 , length = 11
2004-11-24 00:25:58,682 DEBUG basic_waf_filebuf 348 (c:\documents and settings\ama\my documents\visual studio projects\wajima\pss\src\pss\std\wafinputfilestream.hpp:276) - underflow begin.
2004-11-24 00:25:58,682 DEBUG basic_waf_filebuf 348 (c:\documents and settings\ama\my documents\visual studio projects\wajima\pss\src\pss\std\wafinputfilestream.hpp:292) - file read.
2004-11-24 00:25:58,682 DEBUG basic_waf_filebuf 348 (c:\documents and settings\ama\my documents\visual studio projects\wajima\pss\src\pss\std\wafinputfilestream.hpp:304) - file eof.
2004-11-24 00:25:58,682 DEBUG basic_waf_filebuf 348 (c:\documents and settings\ama\my documents\visual studio projects\wajima\pss\src\pss\std\wafinputfilestream.hpp:305) - underflow end.
2004-11-24 00:25:58,682 DEBUG main 348 (c:\documents and settings\ama\my documents\visual studio projects\wajima\console\lokitest.cpp:31) - str = 98765432ÿÿÿÿ , length = 12
2004-11-24 00:25:58,682 DEBUG basic_waf_filebuf 348 (c:\documents and settings\ama\my documents\visual studio projects\wajima\pss\src\pss\std\wafinputfilestream.hpp:187) - seekoff begin.
2004-11-24 00:25:58,682 DEBUG basic_waf_filebuf 348 (c:\documents and settings\ama\my documents\visual studio projects\wajima\pss\src\pss\std\wafinputfilestream.hpp:200) - offset = 268
2004-11-24 00:25:58,698 DEBUG basic_waf_filebuf 348 (c:\documents and settings\ama\my documents\visual studio projects\wajima\pss\src\pss\std\wafinputfilestream.hpp:220) - point = 268
2004-11-24 00:25:58,698 DEBUG basic_waf_filebuf 348 (c:\documents and settings\ama\my documents\visual studio projects\wajima\pss\src\pss\std\wafinputfilestream.hpp:225) - readSize = 24
2004-11-24 00:25:58,698 DEBUG basic_waf_filebuf 348 (c:\documents and settings\ama\my documents\visual studio projects\wajima\pss\src\pss\std\wafinputfilestream.hpp:232) - bufferSize = 24
2004-11-24 00:25:58,698 DEBUG basic_waf_filebuf 348 (c:\documents and settings\ama\my documents\visual studio projects\wajima\pss\src\pss\std\wafinputfilestream.hpp:233) - seekoff end.
2004-11-24 00:25:58,698 DEBUG main 348 (c:\documents and settings\ama\my documents\visual studio projects\wajima\console\lokitest.cpp:36) - str = 1234567890 , length = 11
2004-11-24 00:25:58,698 DEBUG basic_waf_filebuf 348 (c:\documents and settings\ama\my documents\visual studio projects\wajima\pss\src\pss\std\wafinputfilestream.hpp:187) - seekoff begin.
2004-11-24 00:25:58,698 DEBUG basic_waf_filebuf 348 (c:\documents and settings\ama\my documents\visual studio projects\wajima\pss\src\pss\std\wafinputfilestream.hpp:200) - offset = 269
2004-11-24 00:25:58,698 DEBUG basic_waf_filebuf 348 (c:\documents and settings\ama\my documents\visual studio projects\wajima\pss\src\pss\std\wafinputfilestream.hpp:220) - point = 269
2004-11-24 00:25:58,698 DEBUG basic_waf_filebuf 348 (c:\documents and settings\ama\my documents\visual studio projects\wajima\pss\src\pss\std\wafinputfilestream.hpp:225) - readSize = 23
2004-11-24 00:25:58,698 DEBUG basic_waf_filebuf 348 (c:\documents and settings\ama\my documents\visual studio projects\wajima\pss\src\pss\std\wafinputfilestream.hpp:232) - bufferSize = 23
2004-11-24 00:25:58,698 DEBUG basic_waf_filebuf 348 (c:\documents and settings\ama\my documents\visual studio projects\wajima\pss\src\pss\std\wafinputfilestream.hpp:233) - seekoff end.
2004-11-24 00:25:58,698 DEBUG main 348 (c:\documents and settings\ama\my documents\visual studio projects\wajima\console\lokitest.cpp:39) - str = 234567890 , length = 10
2004-11-24 00:25:58,698 DEBUG basic_waf_filebuf 348 (c:\documents and settings\ama\my documents\visual studio projects\wajima\pss\src\pss\std\wafinputfilestream.hpp:187) - seekoff begin.
2004-11-24 00:25:58,698 DEBUG basic_waf_filebuf 348 (c:\documents and settings\ama\my documents\visual studio projects\wajima\pss\src\pss\std\wafinputfilestream.hpp:200) - offset = 276
2004-11-24 00:25:58,698 DEBUG basic_waf_filebuf 348 (c:\documents and settings\ama\my documents\visual studio projects\wajima\pss\src\pss\std\wafinputfilestream.hpp:220) - point = 276
2004-11-24 00:25:58,698 DEBUG basic_waf_filebuf 348 (c:\documents and settings\ama\my documents\visual studio projects\wajima\pss\src\pss\std\wafinputfilestream.hpp:225) - readSize = 16
2004-11-24 00:25:58,698 DEBUG basic_waf_filebuf 348 (c:\documents and settings\ama\my documents\visual studio projects\wajima\pss\src\pss\std\wafinputfilestream.hpp:232) - bufferSize = 16
2004-11-24 00:25:58,698 DEBUG basic_waf_filebuf 348 (c:\documents and settings\ama\my documents\visual studio projects\wajima\pss\src\pss\std\wafinputfilestream.hpp:233) - seekoff end.
2004-11-24 00:25:58,698 DEBUG main 348 (c:\documents and settings\ama\my documents\visual studio projects\wajima\console\lokitest.cpp:42) - str = 90 , length = 3
2004-11-24 00:25:58,698 DEBUG basic_waf_filebuf 348 (c:\documents and settings\ama\my documents\visual studio projects\wajima\pss\src\pss\std\wafinputfilestream.hpp:187) - seekoff begin.
2004-11-24 00:25:58,698 DEBUG basic_waf_filebuf 348 (c:\documents and settings\ama\my documents\visual studio projects\wajima\pss\src\pss\std\wafinputfilestream.hpp:200) - offset = 277
2004-11-24 00:25:58,698 DEBUG basic_waf_filebuf 348 (c:\documents and settings\ama\my documents\visual studio projects\wajima\pss\src\pss\std\wafinputfilestream.hpp:220) - point = 277
2004-11-24 00:25:58,698 DEBUG basic_waf_filebuf 348 (c:\documents and settings\ama\my documents\visual studio projects\wajima\pss\src\pss\std\wafinputfilestream.hpp:225) - readSize = 15
2004-11-24 00:25:58,698 DEBUG basic_waf_filebuf 348 (c:\documents and settings\ama\my documents\visual studio projects\wajima\pss\src\pss\std\wafinputfilestream.hpp:232) - bufferSize = 15
2004-11-24 00:25:58,698 DEBUG basic_waf_filebuf 348 (c:\documents and settings\ama\my documents\visual studio projects\wajima\pss\src\pss\std\wafinputfilestream.hpp:233) - seekoff end.
2004-11-24 00:25:58,698 DEBUG main 348 (c:\documents and settings\ama\my documents\visual studio projects\wajima\console\lokitest.cpp:45) - str = 0 , length = 2
2004-11-24 00:25:58,698 DEBUG basic_waf_filebuf 348 (c:\documents and settings\ama\my documents\visual studio projects\wajima\pss\src\pss\std\wafinputfilestream.hpp:187) - seekoff begin.
2004-11-24 00:25:58,698 DEBUG basic_waf_filebuf 348 (c:\documents and settings\ama\my documents\visual studio projects\wajima\pss\src\pss\std\wafinputfilestream.hpp:200) - offset = 278
2004-11-24 00:25:58,698 DEBUG basic_waf_filebuf 348 (c:\documents and settings\ama\my documents\visual studio projects\wajima\pss\src\pss\std\wafinputfilestream.hpp:220) - point = 278
2004-11-24 00:25:58,698 DEBUG basic_waf_filebuf 348 (c:\documents and settings\ama\my documents\visual studio projects\wajima\pss\src\pss\std\wafinputfilestream.hpp:225) - readSize = 14
2004-11-24 00:25:58,698 DEBUG basic_waf_filebuf 348 (c:\documents and settings\ama\my documents\visual studio projects\wajima\pss\src\pss\std\wafinputfilestream.hpp:232) - bufferSize = 14
2004-11-24 00:25:58,698 DEBUG basic_waf_filebuf 348 (c:\documents and settings\ama\my documents\visual studio projects\wajima\pss\src\pss\std\wafinputfilestream.hpp:233) - seekoff end.
2004-11-24 00:25:58,698 DEBUG main 348 (c:\documents and settings\ama\my documents\visual studio projects\wajima\console\lokitest.cpp:48) - str =  , length = 1
2004-11-24 00:25:58,698 DEBUG basic_waf_filebuf 348 (c:\documents and settings\ama\my documents\visual studio projects\wajima\pss\src\pss\std\wafinputfilestream.hpp:187) - seekoff begin.
2004-11-24 00:25:58,714 DEBUG basic_waf_filebuf 348 (c:\documents and settings\ama\my documents\visual studio projects\wajima\pss\src\pss\std\wafinputfilestream.hpp:204) - offset = 267
2004-11-24 00:25:58,714 DEBUG basic_waf_filebuf 348 (c:\documents and settings\ama\my documents\visual studio projects\wajima\pss\src\pss\std\wafinputfilestream.hpp:220) - point = 267
2004-11-24 00:25:58,714 DEBUG basic_waf_filebuf 348 (c:\documents and settings\ama\my documents\visual studio projects\wajima\pss\src\pss\std\wafinputfilestream.hpp:225) - readSize = 25
2004-11-24 00:25:58,714 DEBUG basic_waf_filebuf 348 (c:\documents and settings\ama\my documents\visual studio projects\wajima\pss\src\pss\std\wafinputfilestream.hpp:232) - bufferSize = 25
2004-11-24 00:25:58,714 DEBUG basic_waf_filebuf 348 (c:\documents and settings\ama\my documents\visual studio projects\wajima\pss\src\pss\std\wafinputfilestream.hpp:233) - seekoff end.
2004-11-24 00:25:58,714 DEBUG main 348 (c:\documents and settings\ama\my documents\visual studio projects\wajima\console\lokitest.cpp:52) - str =  1234567890 , length = 12
2004-11-24 00:25:58,714 DEBUG basic_waf_filebuf 348 (c:\documents and settings\ama\my documents\visual studio projects\wajima\pss\src\pss\std\wafinputfilestream.hpp:39) - close begin.
2004-11-24 00:25:58,714 DEBUG basic_waf_filebuf 348 (c:\documents and settings\ama\my documents\visual studio projects\wajima\pss\src\pss\std\wafinputfilestream.hpp:41) - CloseHandle
2004-11-24 00:25:58,714 DEBUG basic_waf_filebuf 348 (c:\documents and settings\ama\my documents\visual studio projects\wajima\pss\src\pss\std\wafinputfilestream.hpp:47) - close end.
2004-11-24 00:25:58,714 DEBUG main 348 (c:\documents and settings\ama\my documents\visual studio projects\wajima\console\lokitest.cpp:59) - str = 12345678 , length = 8
2004-11-24 00:25:58,714 DEBUG main 348 (c:\documents and settings\ama\my documents\visual studio projects\wajima\console\lokitest.cpp:59) - str = 002233 , length = 6
2004-11-24 00:25:58,714 DEBUG main 348 (c:\documents and settings\ama\my documents\visual studio projects\wajima\console\lokitest.cpp:64) - str = 12345678 , length = 8
2004-11-24 00:25:58,714 DEBUG main 348 (c:\documents and settings\ama\my documents\visual studio projects\wajima\console\lokitest.cpp:67) - str =  , length = 0
2004-11-24 00:25:58,714 DEBUG main 348 (c:\documents and settings\ama\my documents\visual studio projects\wajima\console\lokitest.cpp:70) - str =  , length = 0
2004-11-24 00:25:58,714 DEBUG main 348 (c:\documents and settings\ama\my documents\visual studio projects\wajima\console\lokitest.cpp:73) - str = 002233 , length = 6
2004-11-24 00:25:58,714 DEBUG main 348 (c:\documents and settings\ama\my documents\visual studio projects\wajima\console\lokitest.cpp:77) - end.
2004-11-24 00:27:49,258 DEBUG main 3152 (c:\documents and settings\ama\my documents\visual studio projects\wajima\console\lokitest.cpp:14) - begin.
2004-11-24 00:27:49,274 DEBUG basic_waf_filebuf 3152 (c:\documents and settings\ama\my documents\visual studio projects\wajima\pss\src\pss\std\wafinputfilestream.hpp:65) - open begin.
2004-11-24 00:27:49,274 DEBUG basic_waf_filebuf 3152 (c:\documents and settings\ama\my documents\visual studio projects\wajima\pss\src\pss\std\wafinputfilestream.hpp:39) - close begin.
2004-11-24 00:27:49,274 DEBUG basic_waf_filebuf 3152 (c:\documents and settings\ama\my documents\visual studio projects\wajima\pss\src\pss\std\wafinputfilestream.hpp:47) - close end.
2004-11-24 00:27:49,274 DEBUG basic_waf_filebuf 3152 (c:\documents and settings\ama\my documents\visual studio projects\wajima\pss\src\pss\std\wafinputfilestream.hpp:106) - file is waf file.
2004-11-24 00:27:49,274 DEBUG basic_waf_filebuf 3152 (c:\documents and settings\ama\my documents\visual studio projects\wajima\pss\src\pss\std\wafinputfilestream.hpp:107) - c:/Documents and Settings/ama/My Documents/Visual Studio Projects/wajima/console/data.waf
2004-11-24 00:27:49,274 DEBUG basic_waf_filebuf 3152 (c:\documents and settings\ama\my documents\visual studio projects\wajima\pss\src\pss\std\wafinputfilestream.hpp:132) - header.size = 20
2004-11-24 00:27:49,274 DEBUG basic_waf_filebuf 3152 (c:\documents and settings\ama\my documents\visual studio projects\wajima\pss\src\pss\std\wafinputfilestream.hpp:133) - header.mode = 1
2004-11-24 00:27:49,274 DEBUG basic_waf_filebuf 3152 (c:\documents and settings\ama\my documents\visual studio projects\wajima\pss\src\pss\std\wafinputfilestream.hpp:134) - header.filename = test2.txt
2004-11-24 00:27:49,274 DEBUG basic_waf_filebuf 3152 (c:\documents and settings\ama\my documents\visual studio projects\wajima\pss\src\pss\std\wafinputfilestream.hpp:276) - underflow begin.
2004-11-24 00:27:49,274 DEBUG basic_waf_filebuf 3152 (c:\documents and settings\ama\my documents\visual studio projects\wajima\pss\src\pss\std\wafinputfilestream.hpp:292) - file read.
2004-11-24 00:27:49,274 DEBUG basic_waf_filebuf 3152 (c:\documents and settings\ama\my documents\visual studio projects\wajima\pss\src\pss\std\wafinputfilestream.hpp:311) - underflow end.
2004-11-24 00:27:49,274 DEBUG main 3152 (c:\documents and settings\ama\my documents\visual studio projects\wajima\console\lokitest.cpp:31) - str = 1234567890 , length = 11
2004-11-24 00:27:49,274 DEBUG basic_waf_filebuf 3152 (c:\documents and settings\ama\my documents\visual studio projects\wajima\pss\src\pss\std\wafinputfilestream.hpp:276) - underflow begin.
2004-11-24 00:27:49,274 DEBUG basic_waf_filebuf 3152 (c:\documents and settings\ama\my documents\visual studio projects\wajima\pss\src\pss\std\wafinputfilestream.hpp:292) - file read.
2004-11-24 00:27:49,274 DEBUG basic_waf_filebuf 3152 (c:\documents and settings\ama\my documents\visual studio projects\wajima\pss\src\pss\std\wafinputfilestream.hpp:305) - file eof.
2004-11-24 00:27:49,274 DEBUG basic_waf_filebuf 3152 (c:\documents and settings\ama\my documents\visual studio projects\wajima\pss\src\pss\std\wafinputfilestream.hpp:306) - underflow end.
2004-11-24 00:27:49,274 DEBUG main 3152 (c:\documents and settings\ama\my documents\visual studio projects\wajima\console\lokitest.cpp:31) - str = 98765432ÿÿÿÿ , length = 12
2004-11-24 00:27:49,274 DEBUG basic_waf_filebuf 3152 (c:\documents and settings\ama\my documents\visual studio projects\wajima\pss\src\pss\std\wafinputfilestream.hpp:187) - seekoff begin.
2004-11-24 00:27:49,274 DEBUG basic_waf_filebuf 3152 (c:\documents and settings\ama\my documents\visual studio projects\wajima\pss\src\pss\std\wafinputfilestream.hpp:200) - offset = 268
2004-11-24 00:27:49,274 DEBUG basic_waf_filebuf 3152 (c:\documents and settings\ama\my documents\visual studio projects\wajima\pss\src\pss\std\wafinputfilestream.hpp:220) - point = 268
2004-11-24 00:27:49,274 DEBUG basic_waf_filebuf 3152 (c:\documents and settings\ama\my documents\visual studio projects\wajima\pss\src\pss\std\wafinputfilestream.hpp:225) - readSize = 24
2004-11-24 00:27:49,274 DEBUG basic_waf_filebuf 3152 (c:\documents and settings\ama\my documents\visual studio projects\wajima\pss\src\pss\std\wafinputfilestream.hpp:232) - bufferSize = 24
2004-11-24 00:27:49,274 DEBUG basic_waf_filebuf 3152 (c:\documents and settings\ama\my documents\visual studio projects\wajima\pss\src\pss\std\wafinputfilestream.hpp:233) - seekoff end.
2004-11-24 00:27:49,274 DEBUG main 3152 (c:\documents and settings\ama\my documents\visual studio projects\wajima\console\lokitest.cpp:36) - str = 1234567890 , length = 11
2004-11-24 00:27:49,274 DEBUG basic_waf_filebuf 3152 (c:\documents and settings\ama\my documents\visual studio projects\wajima\pss\src\pss\std\wafinputfilestream.hpp:187) - seekoff begin.
2004-11-24 00:27:49,274 DEBUG basic_waf_filebuf 3152 (c:\documents and settings\ama\my documents\visual studio projects\wajima\pss\src\pss\std\wafinputfilestream.hpp:200) - offset = 269
2004-11-24 00:27:49,274 DEBUG basic_waf_filebuf 3152 (c:\documents and settings\ama\my documents\visual studio projects\wajima\pss\src\pss\std\wafinputfilestream.hpp:220) - point = 269
2004-11-24 00:27:49,290 DEBUG basic_waf_filebuf 3152 (c:\documents and settings\ama\my documents\visual studio projects\wajima\pss\src\pss\std\wafinputfilestream.hpp:225) - readSize = 23
2004-11-24 00:27:49,290 DEBUG basic_waf_filebuf 3152 (c:\documents and settings\ama\my documents\visual studio projects\wajima\pss\src\pss\std\wafinputfilestream.hpp:232) - bufferSize = 23
2004-11-24 00:27:49,290 DEBUG basic_waf_filebuf 3152 (c:\documents and settings\ama\my documents\visual studio projects\wajima\pss\src\pss\std\wafinputfilestream.hpp:233) - seekoff end.
2004-11-24 00:27:49,290 DEBUG main 3152 (c:\documents and settings\ama\my documents\visual studio projects\wajima\console\lokitest.cpp:39) - str = 234567890 , length = 10
2004-11-24 00:27:49,290 DEBUG basic_waf_filebuf 3152 (c:\documents and settings\ama\my documents\visual studio projects\wajima\pss\src\pss\std\wafinputfilestream.hpp:187) - seekoff begin.
2004-11-24 00:27:49,290 DEBUG basic_waf_filebuf 3152 (c:\documents and settings\ama\my documents\visual studio projects\wajima\pss\src\pss\std\wafinputfilestream.hpp:200) - offset = 276
2004-11-24 00:27:49,290 DEBUG basic_waf_filebuf 3152 (c:\documents and settings\ama\my documents\visual studio projects\wajima\pss\src\pss\std\wafinputfilestream.hpp:220) - point = 276
2004-11-24 00:27:49,290 DEBUG basic_waf_filebuf 3152 (c:\documents and settings\ama\my documents\visual studio projects\wajima\pss\src\pss\std\wafinputfilestream.hpp:225) - readSize = 16
2004-11-24 00:27:49,290 DEBUG basic_waf_filebuf 3152 (c:\documents and settings\ama\my documents\visual studio projects\wajima\pss\src\pss\std\wafinputfilestream.hpp:232) - bufferSize = 16
2004-11-24 00:27:49,290 DEBUG basic_waf_filebuf 3152 (c:\documents and settings\ama\my documents\visual studio projects\wajima\pss\src\pss\std\wafinputfilestream.hpp:233) - seekoff end.
2004-11-24 00:27:49,290 DEBUG main 3152 (c:\documents and settings\ama\my documents\visual studio projects\wajima\console\lokitest.cpp:42) - str = 90 , length = 3
2004-11-24 00:27:49,290 DEBUG basic_waf_filebuf 3152 (c:\documents and settings\ama\my documents\visual studio projects\wajima\pss\src\pss\std\wafinputfilestream.hpp:187) - seekoff begin.
2004-11-24 00:27:49,290 DEBUG basic_waf_filebuf 3152 (c:\documents and settings\ama\my documents\visual studio projects\wajima\pss\src\pss\std\wafinputfilestream.hpp:200) - offset = 277
2004-11-24 00:27:49,290 DEBUG basic_waf_filebuf 3152 (c:\documents and settings\ama\my documents\visual studio projects\wajima\pss\src\pss\std\wafinputfilestream.hpp:220) - point = 277
2004-11-24 00:27:49,290 DEBUG basic_waf_filebuf 3152 (c:\documents and settings\ama\my documents\visual studio projects\wajima\pss\src\pss\std\wafinputfilestream.hpp:225) - readSize = 15
2004-11-24 00:27:49,290 DEBUG basic_waf_filebuf 3152 (c:\documents and settings\ama\my documents\visual studio projects\wajima\pss\src\pss\std\wafinputfilestream.hpp:232) - bufferSize = 15
2004-11-24 00:27:49,290 DEBUG basic_waf_filebuf 3152 (c:\documents and settings\ama\my documents\visual studio projects\wajima\pss\src\pss\std\wafinputfilestream.hpp:233) - seekoff end.
2004-11-24 00:27:49,290 DEBUG main 3152 (c:\documents and settings\ama\my documents\visual studio projects\wajima\console\lokitest.cpp:45) - str = 0 , length = 2
2004-11-24 00:27:49,290 DEBUG basic_waf_filebuf 3152 (c:\documents and settings\ama\my documents\visual studio projects\wajima\pss\src\pss\std\wafinputfilestream.hpp:187) - seekoff begin.
2004-11-24 00:27:49,290 DEBUG basic_waf_filebuf 3152 (c:\documents and settings\ama\my documents\visual studio projects\wajima\pss\src\pss\std\wafinputfilestream.hpp:200) - offset = 278
2004-11-24 00:27:49,305 DEBUG basic_waf_filebuf 3152 (c:\documents and settings\ama\my documents\visual studio projects\wajima\pss\src\pss\std\wafinputfilestream.hpp:220) - point = 278
2004-11-24 00:27:49,305 DEBUG basic_waf_filebuf 3152 (c:\documents and settings\ama\my documents\visual studio projects\wajima\pss\src\pss\std\wafinputfilestream.hpp:225) - readSize = 14
2004-11-24 00:27:49,305 DEBUG basic_waf_filebuf 3152 (c:\documents and settings\ama\my documents\visual studio projects\wajima\pss\src\pss\std\wafinputfilestream.hpp:232) - bufferSize = 14
2004-11-24 00:27:49,305 DEBUG basic_waf_filebuf 3152 (c:\documents and settings\ama\my documents\visual studio projects\wajima\pss\src\pss\std\wafinputfilestream.hpp:233) - seekoff end.
2004-11-24 00:27:49,305 DEBUG main 3152 (c:\documents and settings\ama\my documents\visual studio projects\wajima\console\lokitest.cpp:48) - str =  , length = 1
2004-11-24 00:27:49,305 DEBUG basic_waf_filebuf 3152 (c:\documents and settings\ama\my documents\visual studio projects\wajima\pss\src\pss\std\wafinputfilestream.hpp:187) - seekoff begin.
2004-11-24 00:27:49,305 DEBUG basic_waf_filebuf 3152 (c:\documents and settings\ama\my documents\visual studio projects\wajima\pss\src\pss\std\wafinputfilestream.hpp:204) - offset = 267
2004-11-24 00:27:49,305 DEBUG basic_waf_filebuf 3152 (c:\documents and settings\ama\my documents\visual studio projects\wajima\pss\src\pss\std\wafinputfilestream.hpp:220) - point = 267
2004-11-24 00:27:49,305 DEBUG basic_waf_filebuf 3152 (c:\documents and settings\ama\my documents\visual studio projects\wajima\pss\src\pss\std\wafinputfilestream.hpp:225) - readSize = 25
2004-11-24 00:27:49,305 DEBUG basic_waf_filebuf 3152 (c:\documents and settings\ama\my documents\visual studio projects\wajima\pss\src\pss\std\wafinputfilestream.hpp:232) - bufferSize = 25
2004-11-24 00:27:49,305 DEBUG basic_waf_filebuf 3152 (c:\documents and settings\ama\my documents\visual studio projects\wajima\pss\src\pss\std\wafinputfilestream.hpp:233) - seekoff end.
2004-11-24 00:27:49,305 DEBUG main 3152 (c:\documents and settings\ama\my documents\visual studio projects\wajima\console\lokitest.cpp:52) - str =  1234567890 , length = 12
2004-11-24 00:27:49,321 DEBUG basic_waf_filebuf 3152 (c:\documents and settings\ama\my documents\visual studio projects\wajima\pss\src\pss\std\wafinputfilestream.hpp:39) - close begin.
2004-11-24 00:27:49,321 DEBUG basic_waf_filebuf 3152 (c:\documents and settings\ama\my documents\visual studio projects\wajima\pss\src\pss\std\wafinputfilestream.hpp:41) - CloseHandle
2004-11-24 00:27:49,321 DEBUG basic_waf_filebuf 3152 (c:\documents and settings\ama\my documents\visual studio projects\wajima\pss\src\pss\std\wafinputfilestream.hpp:47) - close end.
2004-11-24 00:27:49,321 DEBUG main 3152 (c:\documents and settings\ama\my documents\visual studio projects\wajima\console\lokitest.cpp:59) - str = 12345678 , length = 8
2004-11-24 00:27:49,321 DEBUG main 3152 (c:\documents and settings\ama\my documents\visual studio projects\wajima\console\lokitest.cpp:59) - str = 002233 , length = 6
2004-11-24 00:27:49,321 DEBUG main 3152 (c:\documents and settings\ama\my documents\visual studio projects\wajima\console\lokitest.cpp:64) - str = 12345678 , length = 8
2004-11-24 00:27:49,321 DEBUG main 3152 (c:\documents and settings\ama\my documents\visual studio projects\wajima\console\lokitest.cpp:67) - str =  , length = 0
2004-11-24 00:27:49,321 DEBUG main 3152 (c:\documents and settings\ama\my documents\visual studio projects\wajima\console\lokitest.cpp:70) - str =  , length = 0
2004-11-24 00:27:49,321 DEBUG main 3152 (c:\documents and settings\ama\my documents\visual studio projects\wajima\console\lokitest.cpp:73) - str = 002233 , length = 6
2004-11-24 00:27:49,321 DEBUG main 3152 (c:\documents and settings\ama\my documents\visual studio projects\wajima\console\lokitest.cpp:77) - end.
2004-11-24 00:30:39,099 DEBUG main 2156 (c:\documents and settings\ama\my documents\visual studio projects\wajima\console\lokitest.cpp:14) - begin.
2004-11-24 00:30:39,115 DEBUG basic_waf_filebuf 2156 (c:\documents and settings\ama\my documents\visual studio projects\wajima\pss\src\pss\std\wafinputfilestream.hpp:65) - open begin.
2004-11-24 00:30:39,115 DEBUG basic_waf_filebuf 2156 (c:\documents and settings\ama\my documents\visual studio projects\wajima\pss\src\pss\std\wafinputfilestream.hpp:39) - close begin.
2004-11-24 00:30:39,115 DEBUG basic_waf_filebuf 2156 (c:\documents and settings\ama\my documents\visual studio projects\wajima\pss\src\pss\std\wafinputfilestream.hpp:47) - close end.
2004-11-24 00:30:39,115 DEBUG basic_waf_filebuf 2156 (c:\documents and settings\ama\my documents\visual studio projects\wajima\pss\src\pss\std\wafinputfilestream.hpp:106) - file is waf file.
2004-11-24 00:30:39,115 DEBUG basic_waf_filebuf 2156 (c:\documents and settings\ama\my documents\visual studio projects\wajima\pss\src\pss\std\wafinputfilestream.hpp:107) - c:/Documents and Settings/ama/My Documents/Visual Studio Projects/wajima/console/data.waf
2004-11-24 00:30:39,115 DEBUG basic_waf_filebuf 2156 (c:\documents and settings\ama\my documents\visual studio projects\wajima\pss\src\pss\std\wafinputfilestream.hpp:132) - header.size = 20
2004-11-24 00:30:39,115 DEBUG basic_waf_filebuf 2156 (c:\documents and settings\ama\my documents\visual studio projects\wajima\pss\src\pss\std\wafinputfilestream.hpp:133) - header.mode = 1
2004-11-24 00:30:39,115 DEBUG basic_waf_filebuf 2156 (c:\documents and settings\ama\my documents\visual studio projects\wajima\pss\src\pss\std\wafinputfilestream.hpp:134) - header.filename = test2.txt
2004-11-24 00:30:39,115 DEBUG basic_waf_filebuf 2156 (c:\documents and settings\ama\my documents\visual studio projects\wajima\pss\src\pss\std\wafinputfilestream.hpp:276) - underflow begin.
2004-11-24 00:30:39,115 DEBUG basic_waf_filebuf 2156 (c:\documents and settings\ama\my documents\visual studio projects\wajima\pss\src\pss\std\wafinputfilestream.hpp:292) - file read.
2004-11-24 00:30:39,115 DEBUG basic_waf_filebuf 2156 (c:\documents and settings\ama\my documents\visual studio projects\wajima\pss\src\pss\std\wafinputfilestream.hpp:297) - bufferPos_ = 0
2004-11-24 00:30:39,115 DEBUG basic_waf_filebuf 2156 (c:\documents and settings\ama\my documents\visual studio projects\wajima\pss\src\pss\std\wafinputfilestream.hpp:298) - readSize = 24
2004-11-24 00:30:39,115 DEBUG basic_waf_filebuf 2156 (c:\documents and settings\ama\my documents\visual studio projects\wajima\pss\src\pss\std\wafinputfilestream.hpp:299) - end_ = 288
2004-11-24 00:30:39,130 DEBUG basic_waf_filebuf 2156 (c:\documents and settings\ama\my documents\visual studio projects\wajima\pss\src\pss\std\wafinputfilestream.hpp:314) - underflow end.
2004-11-24 00:30:39,130 DEBUG main 2156 (c:\documents and settings\ama\my documents\visual studio projects\wajima\console\lokitest.cpp:31) - str = 1234567890 , length = 11
2004-11-24 00:30:39,130 DEBUG basic_waf_filebuf 2156 (c:\documents and settings\ama\my documents\visual studio projects\wajima\pss\src\pss\std\wafinputfilestream.hpp:276) - underflow begin.
2004-11-24 00:30:39,130 DEBUG basic_waf_filebuf 2156 (c:\documents and settings\ama\my documents\visual studio projects\wajima\pss\src\pss\std\wafinputfilestream.hpp:292) - file read.
2004-11-24 00:30:39,130 DEBUG basic_waf_filebuf 2156 (c:\documents and settings\ama\my documents\visual studio projects\wajima\pss\src\pss\std\wafinputfilestream.hpp:297) - bufferPos_ = 24
2004-11-24 00:30:39,130 DEBUG basic_waf_filebuf 2156 (c:\documents and settings\ama\my documents\visual studio projects\wajima\pss\src\pss\std\wafinputfilestream.hpp:298) - readSize = 0
2004-11-24 00:30:39,130 DEBUG basic_waf_filebuf 2156 (c:\documents and settings\ama\my documents\visual studio projects\wajima\pss\src\pss\std\wafinputfilestream.hpp:299) - end_ = 288
2004-11-24 00:30:39,130 DEBUG basic_waf_filebuf 2156 (c:\documents and settings\ama\my documents\visual studio projects\wajima\pss\src\pss\std\wafinputfilestream.hpp:308) - file eof.
2004-11-24 00:30:39,130 DEBUG basic_waf_filebuf 2156 (c:\documents and settings\ama\my documents\visual studio projects\wajima\pss\src\pss\std\wafinputfilestream.hpp:309) - underflow end.
2004-11-24 00:30:39,130 DEBUG main 2156 (c:\documents and settings\ama\my documents\visual studio projects\wajima\console\lokitest.cpp:31) - str = 98765432ÿÿÿÿ , length = 12
2004-11-24 00:30:39,130 DEBUG basic_waf_filebuf 2156 (c:\documents and settings\ama\my documents\visual studio projects\wajima\pss\src\pss\std\wafinputfilestream.hpp:187) - seekoff begin.
2004-11-24 00:30:39,130 DEBUG basic_waf_filebuf 2156 (c:\documents and settings\ama\my documents\visual studio projects\wajima\pss\src\pss\std\wafinputfilestream.hpp:200) - offset = 268
2004-11-24 00:30:39,130 DEBUG basic_waf_filebuf 2156 (c:\documents and settings\ama\my documents\visual studio projects\wajima\pss\src\pss\std\wafinputfilestream.hpp:220) - point = 268
2004-11-24 00:30:39,130 DEBUG basic_waf_filebuf 2156 (c:\documents and settings\ama\my documents\visual studio projects\wajima\pss\src\pss\std\wafinputfilestream.hpp:225) - readSize = 24
2004-11-24 00:30:39,130 DEBUG basic_waf_filebuf 2156 (c:\documents and settings\ama\my documents\visual studio projects\wajima\pss\src\pss\std\wafinputfilestream.hpp:232) - bufferSize = 24
2004-11-24 00:30:39,130 DEBUG basic_waf_filebuf 2156 (c:\documents and settings\ama\my documents\visual studio projects\wajima\pss\src\pss\std\wafinputfilestream.hpp:233) - seekoff end.
2004-11-24 00:30:39,130 DEBUG main 2156 (c:\documents and settings\ama\my documents\visual studio projects\wajima\console\lokitest.cpp:36) - str = 1234567890 , length = 11
2004-11-24 00:30:39,130 DEBUG basic_waf_filebuf 2156 (c:\documents and settings\ama\my documents\visual studio projects\wajima\pss\src\pss\std\wafinputfilestream.hpp:187) - seekoff begin.
2004-11-24 00:30:39,130 DEBUG basic_waf_filebuf 2156 (c:\documents and settings\ama\my documents\visual studio projects\wajima\pss\src\pss\std\wafinputfilestream.hpp:200) - offset = 269
2004-11-24 00:30:39,130 DEBUG basic_waf_filebuf 2156 (c:\documents and settings\ama\my documents\visual studio projects\wajima\pss\src\pss\std\wafinputfilestream.hpp:220) - point = 269
2004-11-24 00:30:39,130 DEBUG basic_waf_filebuf 2156 (c:\documents and settings\ama\my documents\visual studio projects\wajima\pss\src\pss\std\wafinputfilestream.hpp:225) - readSize = 23
2004-11-24 00:30:39,130 DEBUG basic_waf_filebuf 2156 (c:\documents and settings\ama\my documents\visual studio projects\wajima\pss\src\pss\std\wafinputfilestream.hpp:232) - bufferSize = 23
2004-11-24 00:30:39,130 DEBUG basic_waf_filebuf 2156 (c:\documents and settings\ama\my documents\visual studio projects\wajima\pss\src\pss\std\wafinputfilestream.hpp:233) - seekoff end.
2004-11-24 00:30:39,130 DEBUG main 2156 (c:\documents and settings\ama\my documents\visual studio projects\wajima\console\lokitest.cpp:39) - str = 234567890 , length = 10
2004-11-24 00:30:39,130 DEBUG basic_waf_filebuf 2156 (c:\documents and settings\ama\my documents\visual studio projects\wajima\pss\src\pss\std\wafinputfilestream.hpp:187) - seekoff begin.
2004-11-24 00:30:39,130 DEBUG basic_waf_filebuf 2156 (c:\documents and settings\ama\my documents\visual studio projects\wajima\pss\src\pss\std\wafinputfilestream.hpp:200) - offset = 276
2004-11-24 00:30:39,130 DEBUG basic_waf_filebuf 2156 (c:\documents and settings\ama\my documents\visual studio projects\wajima\pss\src\pss\std\wafinputfilestream.hpp:220) - point = 276
2004-11-24 00:30:39,130 DEBUG basic_waf_filebuf 2156 (c:\documents and settings\ama\my documents\visual studio projects\wajima\pss\src\pss\std\wafinputfilestream.hpp:225) - readSize = 16
2004-11-24 00:30:39,130 DEBUG basic_waf_filebuf 2156 (c:\documents and settings\ama\my documents\visual studio projects\wajima\pss\src\pss\std\wafinputfilestream.hpp:232) - bufferSize = 16
2004-11-24 00:30:39,130 DEBUG basic_waf_filebuf 2156 (c:\documents and settings\ama\my documents\visual studio projects\wajima\pss\src\pss\std\wafinputfilestream.hpp:233) - seekoff end.
2004-11-24 00:30:39,146 DEBUG main 2156 (c:\documents and settings\ama\my documents\visual studio projects\wajima\console\lokitest.cpp:42) - str = 90 , length = 3
2004-11-24 00:30:39,146 DEBUG basic_waf_filebuf 2156 (c:\documents and settings\ama\my documents\visual studio projects\wajima\pss\src\pss\std\wafinputfilestream.hpp:187) - seekoff begin.
2004-11-24 00:30:39,146 DEBUG basic_waf_filebuf 2156 (c:\documents and settings\ama\my documents\visual studio projects\wajima\pss\src\pss\std\wafinputfilestream.hpp:200) - offset = 277
2004-11-24 00:30:39,146 DEBUG basic_waf_filebuf 2156 (c:\documents and settings\ama\my documents\visual studio projects\wajima\pss\src\pss\std\wafinputfilestream.hpp:220) - point = 277
2004-11-24 00:30:39,146 DEBUG basic_waf_filebuf 2156 (c:\documents and settings\ama\my documents\visual studio projects\wajima\pss\src\pss\std\wafinputfilestream.hpp:225) - readSize = 15
2004-11-24 00:30:39,146 DEBUG basic_waf_filebuf 2156 (c:\documents and settings\ama\my documents\visual studio projects\wajima\pss\src\pss\std\wafinputfilestream.hpp:232) - bufferSize = 15
2004-11-24 00:30:39,146 DEBUG basic_waf_filebuf 2156 (c:\documents and settings\ama\my documents\visual studio projects\wajima\pss\src\pss\std\wafinputfilestream.hpp:233) - seekoff end.
2004-11-24 00:30:39,146 DEBUG main 2156 (c:\documents and settings\ama\my documents\visual studio projects\wajima\console\lokitest.cpp:45) - str = 0 , length = 2
2004-11-24 00:30:39,146 DEBUG basic_waf_filebuf 2156 (c:\documents and settings\ama\my documents\visual studio projects\wajima\pss\src\pss\std\wafinputfilestream.hpp:187) - seekoff begin.
2004-11-24 00:30:39,146 DEBUG basic_waf_filebuf 2156 (c:\documents and settings\ama\my documents\visual studio projects\wajima\pss\src\pss\std\wafinputfilestream.hpp:200) - offset = 278
2004-11-24 00:30:39,146 DEBUG basic_waf_filebuf 2156 (c:\documents and settings\ama\my documents\visual studio projects\wajima\pss\src\pss\std\wafinputfilestream.hpp:220) - point = 278
2004-11-24 00:30:39,146 DEBUG basic_waf_filebuf 2156 (c:\documents and settings\ama\my documents\visual studio projects\wajima\pss\src\pss\std\wafinputfilestream.hpp:225) - readSize = 14
2004-11-24 00:30:39,146 DEBUG basic_waf_filebuf 2156 (c:\documents and settings\ama\my documents\visual studio projects\wajima\pss\src\pss\std\wafinputfilestream.hpp:232) - bufferSize = 14
2004-11-24 00:30:39,146 DEBUG basic_waf_filebuf 2156 (c:\documents and settings\ama\my documents\visual studio projects\wajima\pss\src\pss\std\wafinputfilestream.hpp:233) - seekoff end.
2004-11-24 00:30:39,146 DEBUG main 2156 (c:\documents and settings\ama\my documents\visual studio projects\wajima\console\lokitest.cpp:48) - str =  , length = 1
2004-11-24 00:30:39,146 DEBUG basic_waf_filebuf 2156 (c:\documents and settings\ama\my documents\visual studio projects\wajima\pss\src\pss\std\wafinputfilestream.hpp:187) - seekoff begin.
2004-11-24 00:30:39,146 DEBUG basic_waf_filebuf 2156 (c:\documents and settings\ama\my documents\visual studio projects\wajima\pss\src\pss\std\wafinputfilestream.hpp:204) - offset = 267
2004-11-24 00:30:39,146 DEBUG basic_waf_filebuf 2156 (c:\documents and settings\ama\my documents\visual studio projects\wajima\pss\src\pss\std\wafinputfilestream.hpp:220) - point = 267
2004-11-24 00:30:39,146 DEBUG basic_waf_filebuf 2156 (c:\documents and settings\ama\my documents\visual studio projects\wajima\pss\src\pss\std\wafinputfilestream.hpp:225) - readSize = 25
2004-11-24 00:30:39,146 DEBUG basic_waf_filebuf 2156 (c:\documents and settings\ama\my documents\visual studio projects\wajima\pss\src\pss\std\wafinputfilestream.hpp:232) - bufferSize = 25
2004-11-24 00:30:39,146 DEBUG basic_waf_filebuf 2156 (c:\documents and settings\ama\my documents\visual studio projects\wajima\pss\src\pss\std\wafinputfilestream.hpp:233) - seekoff end.
2004-11-24 00:30:39,146 DEBUG main 2156 (c:\documents and settings\ama\my documents\visual studio projects\wajima\console\lokitest.cpp:52) - str =  1234567890 , length = 12
2004-11-24 00:30:39,146 DEBUG basic_waf_filebuf 2156 (c:\documents and settings\ama\my documents\visual studio projects\wajima\pss\src\pss\std\wafinputfilestream.hpp:39) - close begin.
2004-11-24 00:30:39,146 DEBUG basic_waf_filebuf 2156 (c:\documents and settings\ama\my documents\visual studio projects\wajima\pss\src\pss\std\wafinputfilestream.hpp:41) - CloseHandle
2004-11-24 00:30:39,146 DEBUG basic_waf_filebuf 2156 (c:\documents and settings\ama\my documents\visual studio projects\wajima\pss\src\pss\std\wafinputfilestream.hpp:47) - close end.
2004-11-24 00:30:39,146 DEBUG main 2156 (c:\documents and settings\ama\my documents\visual studio projects\wajima\console\lokitest.cpp:59) - str = 12345678 , length = 8
2004-11-24 00:30:39,146 DEBUG main 2156 (c:\documents and settings\ama\my documents\visual studio projects\wajima\console\lokitest.cpp:59) - str = 002233 , length = 6
2004-11-24 00:30:39,146 DEBUG main 2156 (c:\documents and settings\ama\my documents\visual studio projects\wajima\console\lokitest.cpp:64) - str = 12345678 , length = 8
2004-11-24 00:30:39,146 DEBUG main 2156 (c:\documents and settings\ama\my documents\visual studio projects\wajima\console\lokitest.cpp:67) - str =  , length = 0
2004-11-24 00:30:39,146 DEBUG main 2156 (c:\documents and settings\ama\my documents\visual studio projects\wajima\console\lokitest.cpp:70) - str =  , length = 0
2004-11-24 00:30:39,146 DEBUG main 2156 (c:\documents and settings\ama\my documents\visual studio projects\wajima\console\lokitest.cpp:73) - str = 002233 , length = 6
2004-11-24 00:30:39,161 DEBUG main 2156 (c:\documents and settings\ama\my documents\visual studio projects\wajima\console\lokitest.cpp:77) - end.
2004-11-24 00:32:40,784 DEBUG main 3308 (c:\documents and settings\ama\my documents\visual studio projects\wajima\console\lokitest.cpp:14) - begin.
2004-11-24 00:32:40,784 DEBUG basic_waf_filebuf 3308 (c:\documents and settings\ama\my documents\visual studio projects\wajima\pss\src\pss\std\wafinputfilestream.hpp:65) - open begin.
2004-11-24 00:32:40,784 DEBUG basic_waf_filebuf 3308 (c:\documents and settings\ama\my documents\visual studio projects\wajima\pss\src\pss\std\wafinputfilestream.hpp:39) - close begin.
2004-11-24 00:32:40,784 DEBUG basic_waf_filebuf 3308 (c:\documents and settings\ama\my documents\visual studio projects\wajima\pss\src\pss\std\wafinputfilestream.hpp:47) - close end.
2004-11-24 00:32:40,784 DEBUG basic_waf_filebuf 3308 (c:\documents and settings\ama\my documents\visual studio projects\wajima\pss\src\pss\std\wafinputfilestream.hpp:106) - file is waf file.
2004-11-24 00:32:40,784 DEBUG basic_waf_filebuf 3308 (c:\documents and settings\ama\my documents\visual studio projects\wajima\pss\src\pss\std\wafinputfilestream.hpp:107) - c:/Documents and Settings/ama/My Documents/Visual Studio Projects/wajima/console/data.waf
2004-11-24 00:32:40,784 DEBUG basic_waf_filebuf 3308 (c:\documents and settings\ama\my documents\visual studio projects\wajima\pss\src\pss\std\wafinputfilestream.hpp:132) - header.size = 20
2004-11-24 00:32:40,784 DEBUG basic_waf_filebuf 3308 (c:\documents and settings\ama\my documents\visual studio projects\wajima\pss\src\pss\std\wafinputfilestream.hpp:133) - header.mode = 1
2004-11-24 00:32:40,784 DEBUG basic_waf_filebuf 3308 (c:\documents and settings\ama\my documents\visual studio projects\wajima\pss\src\pss\std\wafinputfilestream.hpp:134) - header.filename = test2.txt
2004-11-24 00:32:40,800 DEBUG basic_waf_filebuf 3308 (c:\documents and settings\ama\my documents\visual studio projects\wajima\pss\src\pss\std\wafinputfilestream.hpp:276) - underflow begin.
2004-11-24 00:32:40,800 DEBUG basic_waf_filebuf 3308 (c:\documents and settings\ama\my documents\visual studio projects\wajima\pss\src\pss\std\wafinputfilestream.hpp:292) - file read.
2004-11-24 00:32:40,800 DEBUG basic_waf_filebuf 3308 (c:\documents and settings\ama\my documents\visual studio projects\wajima\pss\src\pss\std\wafinputfilestream.hpp:297) - bufferPos_ = 0
2004-11-24 00:32:40,800 DEBUG basic_waf_filebuf 3308 (c:\documents and settings\ama\my documents\visual studio projects\wajima\pss\src\pss\std\wafinputfilestream.hpp:298) - readSize = 24
2004-11-24 00:32:40,800 DEBUG basic_waf_filebuf 3308 (c:\documents and settings\ama\my documents\visual studio projects\wajima\pss\src\pss\std\wafinputfilestream.hpp:299) - end_ = 288
2004-11-24 00:32:40,800 DEBUG basic_waf_filebuf 3308 (c:\documents and settings\ama\my documents\visual studio projects\wajima\pss\src\pss\std\wafinputfilestream.hpp:313) - underflow end.
2004-11-24 00:32:40,800 DEBUG main 3308 (c:\documents and settings\ama\my documents\visual studio projects\wajima\console\lokitest.cpp:31) - str = 1234567890 , length = 11
2004-11-24 00:32:40,800 DEBUG basic_waf_filebuf 3308 (c:\documents and settings\ama\my documents\visual studio projects\wajima\pss\src\pss\std\wafinputfilestream.hpp:276) - underflow begin.
2004-11-24 00:32:40,800 DEBUG basic_waf_filebuf 3308 (c:\documents and settings\ama\my documents\visual studio projects\wajima\pss\src\pss\std\wafinputfilestream.hpp:292) - file read.
2004-11-24 00:32:40,800 DEBUG basic_waf_filebuf 3308 (c:\documents and settings\ama\my documents\visual studio projects\wajima\pss\src\pss\std\wafinputfilestream.hpp:297) - bufferPos_ = 20
2004-11-24 00:32:40,800 DEBUG basic_waf_filebuf 3308 (c:\documents and settings\ama\my documents\visual studio projects\wajima\pss\src\pss\std\wafinputfilestream.hpp:298) - readSize = 0
2004-11-24 00:32:40,800 DEBUG basic_waf_filebuf 3308 (c:\documents and settings\ama\my documents\visual studio projects\wajima\pss\src\pss\std\wafinputfilestream.hpp:299) - end_ = 288
2004-11-24 00:32:40,800 DEBUG basic_waf_filebuf 3308 (c:\documents and settings\ama\my documents\visual studio projects\wajima\pss\src\pss\std\wafinputfilestream.hpp:307) - file eof.
2004-11-24 00:32:40,800 DEBUG basic_waf_filebuf 3308 (c:\documents and settings\ama\my documents\visual studio projects\wajima\pss\src\pss\std\wafinputfilestream.hpp:308) - underflow end.
2004-11-24 00:32:40,800 DEBUG main 3308 (c:\documents and settings\ama\my documents\visual studio projects\wajima\console\lokitest.cpp:31) - str = 98765432 , length = 8
2004-11-24 00:32:40,800 DEBUG basic_waf_filebuf 3308 (c:\documents and settings\ama\my documents\visual studio projects\wajima\pss\src\pss\std\wafinputfilestream.hpp:187) - seekoff begin.
2004-11-24 00:32:40,800 DEBUG basic_waf_filebuf 3308 (c:\documents and settings\ama\my documents\visual studio projects\wajima\pss\src\pss\std\wafinputfilestream.hpp:200) - offset = 268
2004-11-24 00:32:40,800 DEBUG basic_waf_filebuf 3308 (c:\documents and settings\ama\my documents\visual studio projects\wajima\pss\src\pss\std\wafinputfilestream.hpp:220) - point = 268
2004-11-24 00:32:40,800 DEBUG basic_waf_filebuf 3308 (c:\documents and settings\ama\my documents\visual studio projects\wajima\pss\src\pss\std\wafinputfilestream.hpp:225) - readSize = 24
2004-11-24 00:32:40,800 DEBUG basic_waf_filebuf 3308 (c:\documents and settings\ama\my documents\visual studio projects\wajima\pss\src\pss\std\wafinputfilestream.hpp:232) - bufferSize = 20
2004-11-24 00:32:40,800 DEBUG basic_waf_filebuf 3308 (c:\documents and settings\ama\my documents\visual studio projects\wajima\pss\src\pss\std\wafinputfilestream.hpp:233) - seekoff end.
2004-11-24 00:32:40,800 DEBUG main 3308 (c:\documents and settings\ama\my documents\visual studio projects\wajima\console\lokitest.cpp:36) - str = 1234567890 , length = 11
2004-11-24 00:32:40,800 DEBUG basic_waf_filebuf 3308 (c:\documents and settings\ama\my documents\visual studio projects\wajima\pss\src\pss\std\wafinputfilestream.hpp:187) - seekoff begin.
2004-11-24 00:32:40,800 DEBUG basic_waf_filebuf 3308 (c:\documents and settings\ama\my documents\visual studio projects\wajima\pss\src\pss\std\wafinputfilestream.hpp:200) - offset = 269
2004-11-24 00:32:40,800 DEBUG basic_waf_filebuf 3308 (c:\documents and settings\ama\my documents\visual studio projects\wajima\pss\src\pss\std\wafinputfilestream.hpp:220) - point = 269
2004-11-24 00:32:40,800 DEBUG basic_waf_filebuf 3308 (c:\documents and settings\ama\my documents\visual studio projects\wajima\pss\src\pss\std\wafinputfilestream.hpp:225) - readSize = 23
2004-11-24 00:32:40,800 DEBUG basic_waf_filebuf 3308 (c:\documents and settings\ama\my documents\visual studio projects\wajima\pss\src\pss\std\wafinputfilestream.hpp:232) - bufferSize = 19
2004-11-24 00:32:40,800 DEBUG basic_waf_filebuf 3308 (c:\documents and settings\ama\my documents\visual studio projects\wajima\pss\src\pss\std\wafinputfilestream.hpp:233) - seekoff end.
2004-11-24 00:32:40,800 DEBUG main 3308 (c:\documents and settings\ama\my documents\visual studio projects\wajima\console\lokitest.cpp:39) - str = 234567890 , length = 10
2004-11-24 00:32:40,800 DEBUG basic_waf_filebuf 3308 (c:\documents and settings\ama\my documents\visual studio projects\wajima\pss\src\pss\std\wafinputfilestream.hpp:187) - seekoff begin.
2004-11-24 00:32:40,800 DEBUG basic_waf_filebuf 3308 (c:\documents and settings\ama\my documents\visual studio projects\wajima\pss\src\pss\std\wafinputfilestream.hpp:200) - offset = 276
2004-11-24 00:32:40,800 DEBUG basic_waf_filebuf 3308 (c:\documents and settings\ama\my documents\visual studio projects\wajima\pss\src\pss\std\wafinputfilestream.hpp:220) - point = 276
2004-11-24 00:32:40,800 DEBUG basic_waf_filebuf 3308 (c:\documents and settings\ama\my documents\visual studio projects\wajima\pss\src\pss\std\wafinputfilestream.hpp:225) - readSize = 16
2004-11-24 00:32:40,815 DEBUG basic_waf_filebuf 3308 (c:\documents and settings\ama\my documents\visual studio projects\wajima\pss\src\pss\std\wafinputfilestream.hpp:232) - bufferSize = 12
2004-11-24 00:32:40,815 DEBUG basic_waf_filebuf 3308 (c:\documents and settings\ama\my documents\visual studio projects\wajima\pss\src\pss\std\wafinputfilestream.hpp:233) - seekoff end.
2004-11-24 00:32:40,815 DEBUG main 3308 (c:\documents and settings\ama\my documents\visual studio projects\wajima\console\lokitest.cpp:42) - str = 90 , length = 3
2004-11-24 00:32:40,815 DEBUG basic_waf_filebuf 3308 (c:\documents and settings\ama\my documents\visual studio projects\wajima\pss\src\pss\std\wafinputfilestream.hpp:187) - seekoff begin.
2004-11-24 00:32:40,815 DEBUG basic_waf_filebuf 3308 (c:\documents and settings\ama\my documents\visual studio projects\wajima\pss\src\pss\std\wafinputfilestream.hpp:200) - offset = 277
2004-11-24 00:32:40,815 DEBUG basic_waf_filebuf 3308 (c:\documents and settings\ama\my documents\visual studio projects\wajima\pss\src\pss\std\wafinputfilestream.hpp:220) - point = 277
2004-11-24 00:32:40,815 DEBUG basic_waf_filebuf 3308 (c:\documents and settings\ama\my documents\visual studio projects\wajima\pss\src\pss\std\wafinputfilestream.hpp:225) - readSize = 15
2004-11-24 00:32:40,815 DEBUG basic_waf_filebuf 3308 (c:\documents and settings\ama\my documents\visual studio projects\wajima\pss\src\pss\std\wafinputfilestream.hpp:232) - bufferSize = 11
2004-11-24 00:32:40,815 DEBUG basic_waf_filebuf 3308 (c:\documents and settings\ama\my documents\visual studio projects\wajima\pss\src\pss\std\wafinputfilestream.hpp:233) - seekoff end.
2004-11-24 00:32:40,815 DEBUG main 3308 (c:\documents and settings\ama\my documents\visual studio projects\wajima\console\lokitest.cpp:45) - str = 0 , length = 2
2004-11-24 00:32:40,815 DEBUG basic_waf_filebuf 3308 (c:\documents and settings\ama\my documents\visual studio projects\wajima\pss\src\pss\std\wafinputfilestream.hpp:187) - seekoff begin.
2004-11-24 00:32:40,815 DEBUG basic_waf_filebuf 3308 (c:\documents and settings\ama\my documents\visual studio projects\wajima\pss\src\pss\std\wafinputfilestream.hpp:200) - offset = 278
2004-11-24 00:32:40,815 DEBUG basic_waf_filebuf 3308 (c:\documents and settings\ama\my documents\visual studio projects\wajima\pss\src\pss\std\wafinputfilestream.hpp:220) - point = 278
2004-11-24 00:32:40,815 DEBUG basic_waf_filebuf 3308 (c:\documents and settings\ama\my documents\visual studio projects\wajima\pss\src\pss\std\wafinputfilestream.hpp:225) - readSize = 14
2004-11-24 00:32:40,815 DEBUG basic_waf_filebuf 3308 (c:\documents and settings\ama\my documents\visual studio projects\wajima\pss\src\pss\std\wafinputfilestream.hpp:232) - bufferSize = 10
2004-11-24 00:32:40,815 DEBUG basic_waf_filebuf 3308 (c:\documents and settings\ama\my documents\visual studio projects\wajima\pss\src\pss\std\wafinputfilestream.hpp:233) - seekoff end.
2004-11-24 00:32:40,815 DEBUG main 3308 (c:\documents and settings\ama\my documents\visual studio projects\wajima\console\lokitest.cpp:48) - str =  , length = 1
2004-11-24 00:32:40,815 DEBUG basic_waf_filebuf 3308 (c:\documents and settings\ama\my documents\visual studio projects\wajima\pss\src\pss\std\wafinputfilestream.hpp:187) - seekoff begin.
2004-11-24 00:32:40,815 DEBUG basic_waf_filebuf 3308 (c:\documents and settings\ama\my documents\visual studio projects\wajima\pss\src\pss\std\wafinputfilestream.hpp:204) - offset = 267
2004-11-24 00:32:40,815 DEBUG basic_waf_filebuf 3308 (c:\documents and settings\ama\my documents\visual studio projects\wajima\pss\src\pss\std\wafinputfilestream.hpp:220) - point = 267
2004-11-24 00:32:40,815 DEBUG basic_waf_filebuf 3308 (c:\documents and settings\ama\my documents\visual studio projects\wajima\pss\src\pss\std\wafinputfilestream.hpp:225) - readSize = 25
2004-11-24 00:32:40,815 DEBUG basic_waf_filebuf 3308 (c:\documents and settings\ama\my documents\visual studio projects\wajima\pss\src\pss\std\wafinputfilestream.hpp:232) - bufferSize = 21
2004-11-24 00:32:40,815 DEBUG basic_waf_filebuf 3308 (c:\documents and settings\ama\my documents\visual studio projects\wajima\pss\src\pss\std\wafinputfilestream.hpp:233) - seekoff end.
2004-11-24 00:32:40,815 DEBUG main 3308 (c:\documents and settings\ama\my documents\visual studio projects\wajima\console\lokitest.cpp:52) - str =  1234567890 , length = 12
2004-11-24 00:32:40,815 DEBUG basic_waf_filebuf 3308 (c:\documents and settings\ama\my documents\visual studio projects\wajima\pss\src\pss\std\wafinputfilestream.hpp:39) - close begin.
2004-11-24 00:32:40,815 DEBUG basic_waf_filebuf 3308 (c:\documents and settings\ama\my documents\visual studio projects\wajima\pss\src\pss\std\wafinputfilestream.hpp:41) - CloseHandle
2004-11-24 00:32:40,815 DEBUG basic_waf_filebuf 3308 (c:\documents and settings\ama\my documents\visual studio projects\wajima\pss\src\pss\std\wafinputfilestream.hpp:47) - close end.
2004-11-24 00:32:40,815 DEBUG main 3308 (c:\documents and settings\ama\my documents\visual studio projects\wajima\console\lokitest.cpp:59) - str = 12345678 , length = 8
2004-11-24 00:32:40,815 DEBUG main 3308 (c:\documents and settings\ama\my documents\visual studio projects\wajima\console\lokitest.cpp:59) - str = 002233 , length = 6
2004-11-24 00:32:40,815 DEBUG main 3308 (c:\documents and settings\ama\my documents\visual studio projects\wajima\console\lokitest.cpp:64) - str = 12345678 , length = 8
2004-11-24 00:32:40,815 DEBUG main 3308 (c:\documents and settings\ama\my documents\visual studio projects\wajima\console\lokitest.cpp:67) - str =  , length = 0
2004-11-24 00:32:40,815 DEBUG main 3308 (c:\documents and settings\ama\my documents\visual studio projects\wajima\console\lokitest.cpp:70) - str =  , length = 0
2004-11-24 00:32:40,815 DEBUG main 3308 (c:\documents and settings\ama\my documents\visual studio projects\wajima\console\lokitest.cpp:73) - str = 002233 , length = 6
2004-11-24 00:32:40,815 DEBUG main 3308 (c:\documents and settings\ama\my documents\visual studio projects\wajima\console\lokitest.cpp:77) - end.
